2026-01-11T21:42:16.729976+00:00 - HELLO WORLD
2026-01-11T21:49:33.756440+00:00 - HELLO WORLD
2026-01-11T21:49:45.095157+00:00 - HELLO WORLD
2026-01-11T21:51:12.558688+00:00 fe2o3 - HELLO WORLD
2026-01-11T21:58:14.029998+00:00 fe2o3 - HELLO WORLD
2026-01-11T22:00:40.868913+00:00 fe2o3 - HELLO WORLD
2026-01-11T22:00:52.490254+00:00 fe2o3 - HELLO WORLD
2026-01-11T22:05:01.307130+00:00 fe2o3 - HELLO WORLD
2026-01-11T22:39:17.690383+00:00 fe2o3 - HELLO WORLD
2026-01-11T22:39:29.626537+00:00 fe2o3 - HELLO WORLD
2026-01-11T22:40:14.381815+00:00 fe2o3 - HELLO WORLD
2026-01-11T23:23:12.464291+00:00 fe2o3 - HELLO WORLD
2026-01-11T23:24:18.932807+00:00 fe2o3 - HELLO WORLD
2026-01-11T23:40:46.061309+00:00 fe2o3 - HELLO WORLD
2026-01-12T00:22:30.585368+00:00 fe2o3 - HELLO WORLD
2026-01-12T21:45:55.580347+00:00 fe2o3 - HELLO WORLD
2026-01-12T21:46:20.598627+00:00 fe2o3 - HELLO WORLD
2026-01-15T23:24:08.715624+00:00 fe2o3 - HELLO WORLD
2026-01-15T23:25:05.321972+00:00 fe2o3 - HELLO WORLD
2026-01-17T21:43:19.936459+00:00 fe2o3 - HELLO WORLD
2026-01-18T22:46:57.075541+00:00 fe2o3 - HELLO WORLD
2026-01-18T22:47:25.962449+00:00 fe2o3 - HELLO WORLD
2026-01-18T23:17:09.090076+00:00 fe2o3 - HELLO WORLD
2026-01-19T00:06:18.075603+00:00 fe2o3 - HELLO WORLD
2026-01-19T23:52:17.243382+00:00 fe2o3 - HELLO WORLD
2026-01-19T23:52:27.905815+00:00 fe2o3 - HELLO WORLD
2026-01-19T23:58:02.496769+00:00 fe2o3 - HELLO WORLD
2026-01-20T00:03:25.518104+00:00 fe2o3 - HELLO WORLD
2026-01-20T00:07:14.899957+00:00 fe2o3 - HELLO WORLD
2026-01-20T00:07:37.480366+00:00 fe2o3 - HELLO WORLD
2026-01-20T00:07:59.335996+00:00 fe2o3 - HELLO WORLD
2026-01-20T00:08:54.651188+00:00 fe2o3 - HELLO WORLD
2026-01-20T00:11:42.887898+00:00 fe2o3 - HELLO WORLD
2026-01-20T00:12:08.229563+00:00 fe2o3 - HELLO WORLD
2026-01-20T00:12:38.122481+00:00 fe2o3 - HELLO WORLD
2026-01-20T00:13:00.211604+00:00 fe2o3 - HELLO WORLD
2026-01-20T00:13:21.328393+00:00 fe2o3 - HELLO WORLD
2026-01-20T00:16:16.916223+00:00 fe2o3 - HELLO WORLD
2026-01-20T00:16:35.134439+00:00 fe2o3 - HELLO WORLD
2026-01-20T00:17:51.905058+00:00 fe2o3 - HELLO WORLD
2026-01-20T00:17:57.910976+00:00 fe2o3 - HELLO WORLD
2026-01-20T20:44:59.241492+00:00 fe2o3 - HELLO WORLD
2026-01-20T20:46:08.595026+00:00 fe2o3 - HELLO WORLD
2026-01-22T18:05:03.168947+00:00 fe2o3 - HELLO WORLD
2026-01-22T18:05:32.953390+00:00 fe2o3 - HELLO WORLD
2026-01-25T13:43:49.433219+00:00 fe2o3 - HELLO WORLD
2026-01-25T13:44:16.340870+00:00 fe2o3 - HELLO WORLD
2026-01-25T13:44:34.077086+00:00 fe2o3 - HELLO WORLD
2026-01-25T13:50:22.483444+00:00 fe2o3 - HELLO WORLD
2026-01-25T19:03:02.244141+00:00 fe2o3 - HELLO WORLD
2026-01-25T19:03:21.916988+00:00 fe2o3 - HELLO WORLD
2026-01-25T19:03:40.168153+00:00 fe2o3 - HELLO WORLD
2026-02-09T23:22:29.059953+00:00 fe2o3 - HELLO WORLD
2026-03-01T18:32:11.826322+00:00 fe2o3 - HELLO WORLD
2026-03-01T18:32:18.724628+00:00 fe2o3 - HELLO WORLD
2026-03-01T18:40:16.749005+00:00 axum main - Starting axum server
2026-03-01T18:44:41.781841+00:00 axum main - Starting axum server
2026-03-01T18:44:43.703447+00:00 axum tokio-runtime-worker - [Book { title: "YES", price: 100 }]
2026-03-01T18:44:44.330659+00:00 axum tokio-runtime-worker - [Book { title: "YES", price: 100 }, Book { title: "YES", price: 100 }]
2026-03-01T18:44:44.720035+00:00 axum tokio-runtime-worker - [Book { title: "YES", price: 100 }, Book { title: "YES", price: 100 }, Book { title: "YES", price: 100 }]
2026-03-01T18:46:36.600178+00:00 axum main - Starting axum server
2026-03-01T18:46:39.639404+00:00 axum tokio-runtime-worker - [Book { title: "YES", price: 100 }]
2026-03-01T18:46:40.082996+00:00 axum tokio-runtime-worker - [Book { title: "YES", price: 100 }, Book { title: "YES", price: 100 }]
